<?xml version="1.0" encoding="UTF-8"?>
<!-- Generated by org.testng.reporters.JUnitXMLReporter -->
<testsuite ignored="0" hostname="DESKTOP-CBFC25M" failures="0" tests="5" name="Default test" time="0.484" errors="0" timestamp="2022-05-12T23:58:34 IST">
  <testcase classname="base.TestBase" name="@BeforeMethod setup" time="-1.652380114072E9">
    <failure type="org.testng.TestNGException" message="
Parameter &amp;apos;browser&amp;apos; is required by BeforeMethod on method setup but has not been marked @Optional or defined
in C:\Users\Rajkumar\AppData\Local\Temp\testng-eclipse-1098810072\testng-customsuite.xml">
      <![CDATA[org.testng.TestNGException: 
Parameter 'browser' is required by BeforeMethod on method setup but has not been marked @Optional or defined
in C:\Users\Rajkumar\AppData\Local\Temp\testng-eclipse-1098810072\testng-customsuite.xml
at org.testng.internal.Parameters.createParams(Parameters.java:270)
at org.testng.internal.Parameters.createParametersForMethod(Parameters.java:358)
at org.testng.internal.Parameters.createParameters(Parameters.java:700)
at org.testng.internal.Parameters.createConfigurationParameters(Parameters.java:168)
at org.testng.internal.ConfigInvoker.invokeConfigurations(ConfigInvoker.java:302)
at org.testng.internal.TestInvoker.runConfigMethods(TestInvoker.java:700)
at org.testng.internal.TestInvoker.invokeMethod(TestInvoker.java:527)
at org.testng.internal.TestInvoker.invokeTestMethod(TestInvoker.java:173)
at org.testng.internal.MethodRunner.runInSequence(MethodRunner.java:46)
at org.testng.internal.TestInvoker$MethodInvocationAgent.invoke(TestInvoker.java:824)
at org.testng.internal.TestInvoker.invokeTestMethods(TestInvoker.java:146)
at org.testng.internal.TestMethodWorker.invokeTestMethods(TestMethodWorker.java:146)
at org.testng.internal.TestMethodWorker.run(TestMethodWorker.java:128)
at java.base/java.util.ArrayList.forEach(ArrayList.java:1511)
at org.testng.TestRunner.privateRun(TestRunner.java:794)
at org.testng.TestRunner.run(TestRunner.java:596)
at org.testng.SuiteRunner.runTest(SuiteRunner.java:377)
at org.testng.SuiteRunner.runSequentially(SuiteRunner.java:371)
at org.testng.SuiteRunner.privateRun(SuiteRunner.java:332)
at org.testng.SuiteRunner.run(SuiteRunner.java:276)
at org.testng.SuiteRunnerWorker.runSuite(SuiteRunnerWorker.java:53)
at org.testng.SuiteRunnerWorker.run(SuiteRunnerWorker.java:96)
at org.testng.TestNG.runSuitesSequentially(TestNG.java:1212)
at org.testng.TestNG.runSuitesLocally(TestNG.java:1134)
at org.testng.TestNG.runSuites(TestNG.java:1063)
at org.testng.TestNG.run(TestNG.java:1031)
at org.testng.remote.AbstractRemoteTestNG.run(AbstractRemoteTestNG.java:115)
at org.testng.remote.RemoteTestNG.initAndRun(RemoteTestNG.java:251)
at org.testng.remote.RemoteTestNG.main(RemoteTestNG.java:77)
]]>
    </failure>
  </testcase> <!-- @BeforeMethod setup -->
  <testcase classname="base.TestBase" name="@AfterMethod setTestResult" time="-1.652380114084E9">
    <skipped/>
  </testcase> <!-- @AfterMethod setTestResult -->
  <testcase classname="base.TestBase" name="@BeforeMethod setup" time="-1.652380114087E9">
    <skipped/>
  </testcase> <!-- @BeforeMethod setup -->
  <testcase classname="base.TestBase" name="@AfterMethod setTestResult" time="-1.65238011409E9">
    <skipped/>
  </testcase> <!-- @AfterMethod setTestResult -->
  <testcase classname="base.TestBase" name="@BeforeMethod setup" time="-1.652380114091E9">
    <skipped/>
  </testcase> <!-- @BeforeMethod setup -->
  <testcase classname="base.TestBase" name="@AfterMethod setTestResult" time="-1.652380114095E9">
    <skipped/>
  </testcase> <!-- @AfterMethod setTestResult -->
  <testcase classname="base.TestBase" name="@BeforeMethod setup" time="-1.652380114096E9">
    <skipped/>
  </testcase> <!-- @BeforeMethod setup -->
  <testcase classname="base.TestBase" name="@AfterMethod setTestResult" time="-1.652380114101E9">
    <skipped/>
  </testcase> <!-- @AfterMethod setTestResult -->
  <testcase classname="base.TestBase" name="@BeforeMethod setup" time="-1.652380114102E9">
    <skipped/>
  </testcase> <!-- @BeforeMethod setup -->
  <testcase classname="base.TestBase" name="@AfterMethod setTestResult" time="-1.652380114106E9">
    <skipped/>
  </testcase> <!-- @AfterMethod setTestResult -->
  <testcase classname="testcases.LoginPageTestCase" name="TC_01_verifyEmailTextbox" time="0.001">
    <skipped/>
  </testcase> <!-- TC_01_verifyEmailTextbox -->
  <testcase classname="testcases.LoginPageTestCase" name="TC_02_testcase" time="0.0">
    <skipped/>
  </testcase> <!-- TC_02_testcase -->
  <testcase classname="testcases.LoginPageTestCase" name="TC_03_verifyTittleTest" time="0.0">
    <skipped/>
  </testcase> <!-- TC_03_verifyTittleTest -->
  <testcase classname="testcases.LoginPageTestCase" name="TC_04_verifyTittleTest" time="0.0">
    <skipped/>
  </testcase> <!-- TC_04_verifyTittleTest -->
  <testcase classname="testcases.LoginPageTestCase" name="TC_05_verifyTittleTest" time="0.0">
    <skipped/>
  </testcase> <!-- TC_05_verifyTittleTest -->
</testsuite> <!-- Default test -->
