<?xml version="1.0" encoding="UTF-8"?>
<!-- Generated by org.testng.reporters.JUnitXMLReporter -->
<testsuite ignored="0" hostname="DESKTOP-CBFC25M" failures="1" tests="6" name="Test" time="12.175" errors="0" timestamp="2022-05-13T14:20:50 IST">
  <testcase classname="base.TestBase" name="@AfterMethod setTestResult" time="0.002">
    <failure type="java.lang.NullPointerException" message="Cannot invoke &amp;quot;com.aventstack.extentreports.ExtentTest.log(com.aventstack.extentreports.Status, String)&amp;quot; because &amp;quot;this.test&amp;quot; is null">
      <![CDATA[java.lang.NullPointerException: Cannot invoke "com.aventstack.extentreports.ExtentTest.log(com.aventstack.extentreports.Status, String)" because "this.test" is null
at base.TestBase.setTestResult(TestBase.java:103)
at java.base/java.util.ArrayList.forEach(ArrayList.java:1511)
... Removed 32 stack frames]]>
    </failure>
  </testcase> <!-- @AfterMethod setTestResult -->
  <testcase classname="base.TestBase" name="@BeforeMethod setup" time="-1.652431849152E9">
    <skipped/>
  </testcase> <!-- @BeforeMethod setup -->
  <testcase classname="base.TestBase" name="@AfterMethod setTestResult" time="-1.652431849157E9">
    <skipped/>
  </testcase> <!-- @AfterMethod setTestResult -->
  <testcase classname="base.TestBase" name="@BeforeMethod setup" time="-1.652431849159E9">
    <skipped/>
  </testcase> <!-- @BeforeMethod setup -->
  <testcase classname="base.TestBase" name="@AfterMethod setTestResult" time="-1.652431849165E9">
    <skipped/>
  </testcase> <!-- @AfterMethod setTestResult -->
  <testcase classname="base.TestBase" name="@BeforeMethod setup" time="-1.652431849166E9">
    <skipped/>
  </testcase> <!-- @BeforeMethod setup -->
  <testcase classname="base.TestBase" name="@AfterMethod setTestResult" time="-1.65243184917E9">
    <skipped/>
  </testcase> <!-- @AfterMethod setTestResult -->
  <testcase classname="base.TestBase" name="@BeforeMethod setup" time="-1.652431849172E9">
    <skipped/>
  </testcase> <!-- @BeforeMethod setup -->
  <testcase classname="base.TestBase" name="@AfterMethod setTestResult" time="-1.652431849177E9">
    <skipped/>
  </testcase> <!-- @AfterMethod setTestResult -->
  <testcase classname="base.TestBase" name="@BeforeMethod setup" time="-1.652431849179E9">
    <skipped/>
  </testcase> <!-- @BeforeMethod setup -->
  <testcase classname="base.TestBase" name="@AfterMethod setTestResult" time="-1.652431849192E9">
    <skipped/>
  </testcase> <!-- @AfterMethod setTestResult -->
  <testcase classname="testcases.LoginPageTestCase" name="TC_01_verifyEmailTextbox" time="6.408">
    <failure type="org.openqa.selenium.NoSuchElementException" message="no such element: Unable to locate element: {&amp;quot;method&amp;quot;:&amp;quot;xpath&amp;quot;,&amp;quot;selector&amp;quot;:&amp;quot;//div[@class=&amp;apos;_9ay7&amp;apos;]&amp;quot;}
  (Session info: chrome=101.0.4951.54)
For documentation on this error, please visit: https://www.seleniumhq.org/exceptions/no_such_element.html
Build info: version: &amp;apos;3.141.59&amp;apos;, revision: &amp;apos;e82be7d358&amp;apos;, time: &amp;apos;2018-11-14T08:17:03&amp;apos;
System info: host: &amp;apos;DESKTOP-CBFC25M&amp;apos;, ip: &amp;apos;192.168.1.4&amp;apos;, os.name: &amp;apos;Windows 10&amp;apos;, os.arch: &amp;apos;amd64&amp;apos;, os.version: &amp;apos;10.0&amp;apos;, java.version: &amp;apos;17.0.1&amp;apos;
Driver info: org.openqa.selenium.chrome.ChromeDriver
Capabilities {acceptInsecureCerts: false, browserName: chrome, browserVersion: 101.0.4951.54, chrome: {chromedriverVersion: 101.0.4951.41 (93c720db8323..., userDataDir: C:\Users\Rajkumar\AppData\L...}, goog:chromeOptions: {debuggerAddress: localhost:56796}, javascriptEnabled: true, networkConnectionEnabled: false, pageLoadStrategy: normal, platform: WINDOWS, platformName: WINDOWS, proxy: Proxy(), setWindowRect: true, strictFileInteractability: false, timeouts: {implicit: 0, pageLoad: 300000, script: 30000}, unhandledPromptBehavior: dismiss and notify, webauthn:extension:credBlob: true, webauthn:extension:largeBlob: true, webauthn:virtualAuthenticators: true}
Session ID: 0ee814f7b03815ae9adce03afd41618e
*** Element info: {Using=xpath, value=//div[@class=&amp;apos;_9ay7&amp;apos;]}">
      <![CDATA[org.openqa.selenium.NoSuchElementException: no such element: Unable to locate element: {"method":"xpath","selector":"//div[@class='_9ay7']"}
  (Session info: chrome=101.0.4951.54)
For documentation on this error, please visit: https://www.seleniumhq.org/exceptions/no_such_element.html
Build info: version: '3.141.59', revision: 'e82be7d358', time: '2018-11-14T08:17:03'
System info: host: 'DESKTOP-CBFC25M', ip: '192.168.1.4', os.name: 'Windows 10', os.arch: 'amd64', os.version: '10.0', java.version: '17.0.1'
Driver info: org.openqa.selenium.chrome.ChromeDriver
Capabilities {acceptInsecureCerts: false, browserName: chrome, browserVersion: 101.0.4951.54, chrome: {chromedriverVersion: 101.0.4951.41 (93c720db8323..., userDataDir: C:\Users\Rajkumar\AppData\L...}, goog:chromeOptions: {debuggerAddress: localhost:56796}, javascriptEnabled: true, networkConnectionEnabled: false, pageLoadStrategy: normal, platform: WINDOWS, platformName: WINDOWS, proxy: Proxy(), setWindowRect: true, strictFileInteractability: false, timeouts: {implicit: 0, pageLoad: 300000, script: 30000}, unhandledPromptBehavior: dismiss and notify, webauthn:extension:credBlob: true, webauthn:extension:largeBlob: true, webauthn:virtualAuthenticators: true}
Session ID: 0ee814f7b03815ae9adce03afd41618e
*** Element info: {Using=xpath, value=//div[@class='_9ay7']}
at org.openqa.selenium.remote.http.W3CHttpResponseCodec.createException(W3CHttpResponseCodec.java:187)
at org.openqa.selenium.remote.http.W3CHttpResponseCodec.decode(W3CHttpResponseCodec.java:122)
at org.openqa.selenium.remote.http.W3CHttpResponseCodec.decode(W3CHttpResponseCodec.java:49)
at org.openqa.selenium.remote.HttpCommandExecutor.execute(HttpCommandExecutor.java:158)
at org.openqa.selenium.remote.service.DriverCommandExecutor.execute(DriverCommandExecutor.java:83)
at org.openqa.selenium.remote.RemoteWebDriver.execute(RemoteWebDriver.java:552)
at org.openqa.selenium.remote.RemoteWebDriver.findElement(RemoteWebDriver.java:323)
at org.openqa.selenium.remote.RemoteWebDriver.findElementByXPath(RemoteWebDriver.java:428)
at org.openqa.selenium.By$ByXPath.findElement(By.java:353)
at org.openqa.selenium.remote.RemoteWebDriver.findElement(RemoteWebDriver.java:315)
at org.openqa.selenium.support.pagefactory.DefaultElementLocator.findElement(DefaultElementLocator.java:69)
at org.openqa.selenium.support.pagefactory.internal.LocatingElementHandler.invoke(LocatingElementHandler.java:38)
at jdk.proxy2/jdk.proxy2.$Proxy35.getText(Unknown Source)
at testcases.LoginPageTestCase.TC_01_verifyEmailTextbox(LoginPageTestCase.java:37)
at java.base/java.util.ArrayList.forEach(ArrayList.java:1511)
... Removed 32 stack frames]]>
    </failure>
  </testcase> <!-- TC_01_verifyEmailTextbox -->
  <testcase classname="testcases.LoginPageTestCase" name="TC_02_verifyTittleTest2" time="0.0">
    <skipped/>
  </testcase> <!-- TC_02_verifyTittleTest2 -->
  <testcase classname="testcases.LoginPageTestCase" name="TC_03_testcase" time="0.0">
    <skipped/>
  </testcase> <!-- TC_03_testcase -->
  <testcase classname="testcases.LoginPageTestCase" name="TC_04_verifyTittleTest" time="0.0">
    <skipped/>
  </testcase> <!-- TC_04_verifyTittleTest -->
  <testcase classname="testcases.LoginPageTestCase" name="TC_04_verifyTittleTest4" time="0.0">
    <skipped/>
  </testcase> <!-- TC_04_verifyTittleTest4 -->
  <testcase classname="testcases.LoginPageTestCase" name="TC_05_verifyTittleTest" time="0.0">
    <skipped/>
  </testcase> <!-- TC_05_verifyTittleTest -->
</testsuite> <!-- Test -->
